
################################################################################

 PACKMOL - Packing optimization for the automated generation of
 starting configurations for molecular dynamics simulations.
 
                           Included as part of Packmol Memgen
                                                              Version 18.169 

################################################################################

  Packmol must be run with: packmol < inputfile.inp 

  Userguide at: www.ime.unicamp.br/~martinez/packmol 

  Reading input file... (Control-C aborts)
  Seed for random number generator:      1234567
  Output file: output.pdb
  Reading coordinate file: MDAPMinput0.pdb
  Number of independent structures:            1
  The structures are: 
  Structure            1 :MDAPMinput0.pdb(           3  atoms)
  Maximum number of GENCAN loops for all molecule packing:          200
  Total number of restrictions:            1
  Distance tolerance:    2.0000000000000000     
  Warning: Type of residue numbering not set for structure            1
  Residue numbering set for structure            1 :           0
  Swap chains of molecules of structure            1 : F
  Number of molecules of type            1 :         2787
  Total number of atoms:         8361
  Total number of molecules:         2787
  Number of fixed molecules:            0
  Number of free molecules:         2787
  Number of variables:        16722
  Total number of fixed atoms:            0
  Maximum internal distance of type            1 :    1.6330000000000000     
  All atoms must be within these coordinates: 
   x: [   -999.24636734693877      ,    1000.7536326530612       ] 
   y: [   -998.39999999999998      ,    1001.6000000000000       ] 
   z: [   -1000.0000000000000      ,    1000.0000000000000       ] 
  If the system is larger than this, increase the sidemax parameter. 

################################################################################

  Building initial approximation ... 

################################################################################

  Adjusting initial point to fit the constraints 

--------------------------------------------------------------------------------

--------------------------------------------------------------------------------

  Molecules of type:            1

  Packing:|0                                                             100%|
          |***********************************

  Restraint-only function value:    1.5058524901791037E-003
  Maximum violation of the restraints:    8.3136132942916751E-004

--------------------------------------------------------------------------------

  Rescaling maximum and minimum coordinates... 
  Computing size of patches... 
  Add fixed molecules to permanent arrays... 
  Reseting center of mass... 

--------------------------------------------------------------------------------

  Setting initial trial coordinates ... 

--------------------------------------------------------------------------------

--------------------------------------------------------------------------------

  Molecules of type:            1
  Adjusting random positions to fit the constraints. 
  Packing:|0                                                             100%|
          |
  Restraint-only function value:    6.4493071075232070E-003
  Maximum violation of the restraints:    3.6346856439083948E-003

################################################################################

  Objective function at initial point:    32563.986731736702     

################################################################################

  Packing molecules of type:            1

################################################################################


--------------------------------------------------------------------------------

  Starting GENCAN loop:            0
  Scaling radii by:    1.1000000000000001     

  Packing:|0                                                             100%|
          |******************************************************************|
          |**************

  Function value from last GENCAN loop: f = .21135E-01
  Best function value before: f = .32564E+05
  Improvement from best function value:    99.99 %
  Improvement from last loop:    99.99 %
  Maximum violation of target distance:     0.000000
  Maximum violation of the constraints: .99587E-02
  Current structure written to file: output.pdb
--------------------------------------------------------------------------------
  Packing solved for molecules of type           1
  Objective function value:    2.1134583511467582E-002
  Maximum violation of target distance:    0.0000000000000000     
  Max. constraint violation:    9.9586534385858860E-003
--------------------------------------------------------------------------------

################################################################################

  Packing all molecules together 

################################################################################


  Initial approximation is a solution. Nothing to do. 

  Solution written to file: output.pdb

################################################################################

                                 Success! 
              Final objective function value: .36670E+01
              Maximum violation of target distance:   0.000000
              Maximum violation of the constraints: .99587E-02

--------------------------------------------------------------------------------

              Please cite this work if Packmol was useful: 

           L. Martinez, R. Andrade, E. G. Birgin, J. M. Martinez, 
         PACKMOL: A package for building initial configurations for
                   molecular dynamics simulations. 
          Journal of Computational Chemistry, 30:2157-2164,2009.

################################################################################

   Running time:    1.16462100      seconds. 

--------------------------------------------------------------------------------


